-00017 -00157 000727 000014 -00520 000801 
-00021 -00227 000823 000021 -00481 000810 
-00036 -00415 001063 000024 -00455 000820 
-00070 -00641 001309 000030 -00391 000832 
-00114 -00750 001318 000046 -00341 000847 
-00158 -00659 001040 000067 -00308 000853 
-00174 -00472 000754 000088 -00211 000828 
-00168 -00428 000755 000094 -00148 000774 
-00159 -00422 000750 000082 -00183 000812 
-00152 -00366 000752 000055 -00322 000977 
-00147 -00345 000760 000017 -00550 001248 
-00144 -00344 000767 -00021 -00745 001385 
-00145 -00289 000771 -00050 -00733 001219 
-00145 -00261 000771 -00060 -00574 000855 
-00158 -00237 000744 -00075 -00554 000814 
-00155 -00207 000727 -00075 -00485 000814 
-00152 -00280 000834 -00073 -00449 000816 
-00147 -00472 001081 -00072 -00446 000816 
-00138 -00684 001313 -00071 -00365 000814 
-00122 -00787 001316 -00061 -00316 000809 
-00105 -00715 001037 -00045 -00288 000798 
-00084 -00577 000795 -00030 -00210 000758 
-00069 -00530 000780 -00027 -00147 000701 
-00072 -00484 000787 -00026 -00161 000723 
-00075 -00452 000795 -00018 -00289 000887 
-00077 -00412 000807 000003 -00512 001158 
-00086 -00359 000821 000043 -00709 001325 
-00106 -00320 000836 000089 -00724 001194 
-00122 -00256 000834 000133 -00548 000831 
-00143 -00175 000792 000123 -00453 000771 
-00142 -00167 000789 000115 -00445 000776 
-00121 -00257 000896 000108 -00415 000781 
-00088 -00448 001140 000102 -00361 000789 
-00049 -00691 001390 000098 -00375 000800 
-00014 -00794 001369 000103 -00334 000801 
000008 -00686 001086 000108 -00270 000804 
000025 -00596 000879 000122 -00264 000790 
000026 -00564 000871 000120 -00219 000752 
000025 -00485 000869 000117 -00233 000781 
000024 -00482 000865 000112 -00376 000971 
000022 -00437 000862 000103 -00602 001236 
000018 -00348 000852 000088 -00778 001368 
000005 -00330 000846 000068 -00798 001217 
-00002 -00267 000816 000054 -00643 000834 
-00027 -00190 000766 000021 -00567 000767 
-00022 -00158 000739 000020 -00522 000781 
-00025 -00230 000835 000027 -00483 000792 
-00036 -00421 001076 000028 -00452 000802 
-00064 -00651 001323 000033 -00394 000815 
-00103 -00763 001329 000048 -00347 000830 
-00144 -00672 001052 000067 -00307 000837 
-00154 -00492 000775 000090 -00220 000820 
-00148 -00454 000793 000095 -00164 000774 
-00139 -00446 000792 000086 -00199 000821 
-00134 -00393 000799 000063 -00337 000993 
-00130 -00376 000809 000033 -00564 001266 
-00129 -00371 000816 000003 -00755 001401 
-00131 -00313 000820 -00018 -00739 001233 
-00133 -00277 000816 -00023 -00574 000871 
-00146 -00249 000785 -00037 -00548 000833 
-00144 -00219 000769 -00037 -00482 000837 
-00137 -00296 000882 -00036 -00452 000844 
-00128 -00492 001132 -00037 -00448 000844 
-00114 -00701 001355 -00037 -00368 000842 
-00093 -00797 001346 -00028 -00323 000836 
-00076 -00723 001057 -00015 -00302 000822 
-00057 -00586 000809 -00002 -00223 000776 
-00044 -00541 000798 -00000 -00159 000717 
-00049 -00493 000807 -00000 -00171 000737 
-00051 -00463 000812 000006 -00300 000904 
-00053 -00419 000821 000026 -00521 001172 
-00059 -00356 000834 000064 -00713 001333 
-00077 -00321 000845 000107 -00726 001197 
-00091 -00253 000840 000150 -00547 000829 
-00111 -00165 000796 000141 -00449 000772 
-00110 -00156 000790 000135 -00444 000777 
-00090 -00245 000894 000128 -00414 000780 
-00060 -00437 001134 000121 -00361 000786 
-00026 -00679 001381 000117 -00375 000796 
000003 -00782 001360 000122 -00335 000796 
000022 -00677 001076 000125 -00273 000798 
000038 -00584 000867 000139 -00264 000784 
000038 -00551 000857 000137 -00220 000746 
000035 -00475 000853 000133 -00236 000776 
000033 -00471 000851 000126 -00378 000966 
000034 -00429 000850 000114 -00600 001231 
000031 -00342 000845 000096 -00774 001367 
000017 -00331 000839 000073 -00795 001218 
000010 -00269 000807 000060 -00643 000836 
-00011 -00194 000753 000028 -00581 000791 
-00006 -00159 000724 000029 -00526 000793 
-00009 -00228 000818 000035 -00486 000803 
-00024 -00418 001057 000037 -00458 000812 
-00058 -00647 001306 000040 -00393 000823 
-00105 -00758 001319 000054 -00342 000837 
-00153 -00669 001045 000074 -00306 000844 
-00170 -00486 000768 000093 -00211 000821 
-00166 -00446 000781 000098 -00148 000765 
-00156 -00438 000780 000086 -00182 000805 
-00149 -00383 000784 000059 -00319 000972 
-00143 -00363 000793 000022 -00548 001246 
-00139 -00364 000802 -00016 -00743 001387 
-00141 -00306 000807 -00045 -00728 001223 
-00140 -00276 000806 -00056 -00568 000863 
-00152 -00252 000778 -00069 -00547 000823 
-00148 -00223 000763 -00067 -00481 000824 
-00145 -00299 000876 -00065 -00447 000828 
-00138 -00492 001124 -00064 -00443 000829 
-00128 -00699 001347 -00062 -00363 000826 
-00111 -00794 001337 -00052 -00316 000821 
-00093 -00718 001049 -00037 -00292 000809 
-00073 -00579 000801 -00023 -00213 000764 
-00059 -00532 000786 -00019 -00149 000705 
-00062 -00486 000791 -00018 -00162 000726 
-00063 -00452 000799 -00010 -00291 000890 
-00064 -00412 000810 000013 -00515 001162 
-00072 -00359 000823 000055 -00713 001330 
-00089 -00315 000836 000104 -00726 001198 
-00103 -00250 000833 000151 -00550 000835 
-00122 -00170 000792 000143 -00458 000783 
-00121 -00163 000790 000137 -00455 000793 
-00100 -00254 000898 000129 -00426 000799 
-00068 -00448 001141 000123 -00373 000806 
-00028 -00691 001390 000119 -00388 000817 
000005 -00797 001369 000123 -00347 000816 
000031 -00691 001085 000126 -00284 000819 
000048 -00605 000877 000139 -00282 000805 
000048 -00575 000868 000136 -00239 000767 
000043 -00493 000865 000132 -00253 000795 
000041 -00487 000858 000126 -00395 000987 
000039 -00441 000852 000117 -00619 001249 
000035 -00352 000843 000101 -00795 001376 
000021 -00325 000834 000081 -00809 001220 
000012 -00263 000807 000067 -00646 000836 
-00013 -00185 000760 000033 -00569 000772 
-00008 -00154 000734 000034 -00526 000784 
-00011 -00226 000830 000039 -00486 000796 
-00024 -00415 001070 000040 -00453 000807 
-00053 -00648 001320 000044 -00401 000820 
-00094 -00759 001329 000056 -00352 000835 
-00136 -00666 001054 000075 -00311 000843 
-00147 -00491 000779 000097 -00231 000827 
-00141 -00456 000797 000102 -00176 000782 
-00134 -00451 000801 000092 -00212 000829 
-00129 -00395 000809 000067 -00349 001001 
-00124 -00375 000818 000034 -00575 001274 
-00125 -00366 000824 -00000 -00764 001408 
-00125 -00308 000827 -00026 -00747 001239 
-00125 -00276 000826 -00034 -00586 000879 
-00140 -00255 000799 -00050 -00578 000861 
-00137 -00226 000784 -00048 -00508 000863 
-00132 -00304 000899 -00045 -00467 000858 
-00124 -00504 001151 -00043 -00464 000857 
-00112 -00717 001371 -00042 -00382 000852 
-00093 -00814 001355 -00033 -00327 000845 
-00075 -00736 001062 -00017 -00301 000830 
-00052 -00595 000813 -00001 -00223 000790 
-00038 -00545 000798 000000 -00161 000734 
-00043 -00494 000804 000000 -00174 000759 
-00046 -00464 000812 000008 -00307 000931 
-00047 -00420 000823 000030 -00531 001202 
-00055 -00359 000836 000070 -00721 001356 
-00073 -00324 000850 000116 -00729 001214 
-00087 -00258 000846 000160 -00547 000839 
-00106 -00167 000804 000151 -00447 000783 
-00106 -00160 000798 000144 -00443 000790 
-00086 -00250 000903 000136 -00414 000793 
-00056 -00442 001143 000130 -00362 000798 
-00019 -00680 001388 000125 -00371 000808 
000012 -00776 001364 000128 -00335 000810 
000034 -00666 001079 000130 -00273 000812 
000050 -00575 000869 000143 -00268 000799 
000050 -00543 000859 000140 -00224 000761 
000046 -00466 000854 000136 -00240 000792 
000043 -00463 000851 000129 -00382 000983 
000042 -00420 000849 000119 -00605 001247 
000038 -00334 000841 000103 -00778 001378 
000025 -00318 000836 000082 -00794 001225 
000017 -00257 000807 000069 -00638 000842 
-00004 -00183 000756 000038 -00577 000799 
-00000 -00152 000730 000038 -00524 000800 
-00004 -00224 000827 000043 -00485 000810 
-00018 -00416 001069 000043 -00455 000819 
-00052 -00649 001320 000047 -00397 000831 
-00098 -00763 001330 000062 -00348 000845 
-00146 -00671 001053 000082 -00306 000851 
-00160 -00490 000778 000104 -00218 000833 
-00156 -00454 000790 000110 -00161 000785 
-00146 -00448 000793 000099 -00199 000832 
-00139 -00396 000799 000073 -00341 001008 
-00134 -00379 000808 000038 -00572 001283 
-00133 -00377 000816 000001 -00765 001415 
-00135 -00320 000820 -00026 -00750 001245 
-00135 -00287 000819 -00035 -00587 000883 
-00150 -00265 000793 -00052 -00576 000864 
-00146 -00236 000779 -00051 -00507 000863 
-00142 -00313 000895 -00048 -00466 000860 
-00134 -00508 001147 -00048 -00463 000860 
-00121 -00717 001367 -00046 -00381 000857 
-00103 -00811 001353 -00036 -00330 000850 
-00084 -00733 001062 -00021 -00303 000836 
-00063 -00594 000814 -00007 -00223 000791 
-00048 -00548 000804 -00004 -00159 000731 
-00052 -00497 000808 -00004 -00172 000752 
-00054 -00465 000814 000002 -00303 000922 
-00055 -00422 000823 000024 -00529 001193 
-00061 -00360 000835 000063 -00722 001352 
-00079 -00323 000848 000109 -00734 001212 
-00093 -00257 000844 000153 -00554 000842 
-00113 -00169 000802 000144 -00456 000789 
-00112 -00162 000798 000137 -00453 000800 
-00093 -00251 000905 000130 -00423 000802 
-00063 -00443 001145 000125 -00369 000809 
-00029 -00683 001390 000121 -00381 000816 
-00000 -00782 001365 000125 -00344 000816 
000018 -00673 001079 000129 -00281 000817 
000034 -00580 000869 000143 -00273 000802 
000034 -00546 000859 000141 -00229 000764 
000031 -00473 000855 000136 -00246 000797 
000030 -00467 000853 000128 -00390 000989 
000031 -00427 000853 000113 -00611 001253 
000028 -00341 000849 000094 -00781 001383 
000015 -00333 000842 000069 -00799 001229 
000008 -00273 000811 000056 -00646 000843 
-00013 -00200 000760 000024 -00585 000798 
-00009 -00166 000731 000024 -00532 000804 
-00013 -00235 000827 000030 -00493 000813 
-00028 -00425 001067 000031 -00466 000822 
-00062 -00651 001314 000036 -00400 000835 
-00108 -00761 001323 000051 -00350 000849 
-00155 -00670 001046 000071 -00315 000855 
-00171 -00485 000766 000090 -00219 000830 
-00167 -00444 000773 000096 -00156 000772 
-00157 -00434 000772 000084 -00189 000813 
-00150 -00382 000776 000056 -00326 000981 
-00143 -00362 000785 000019 -00554 001253 
-00139 -00362 000794 -00018 -00745 001390 
-00141 -00306 000801 -00045 -00729 001225 
-00140 -00274 000801 -00052 -00566 000863 
-00152 -00248 000774 -00065 -00542 000824 
-00149 -00220 000761 -00064 -00478 000827 
-00145 -00297 000874 -00063 -00447 000834 
-00138 -00491 001124 -00063 -00445 000835 
-00126 -00698 001348 -00062 -00366 000834 
-00107 -00793 001339 -00053 -00320 000829 
-00088 -00718 001052 -00039 -00298 000818 
-00066 -00580 000804 -00023 -00219 000772 
-00050 -00535 000791 -00020 -00156 000714 
-00055 -00488 000795 -00019 -00170 000736 
-00058 -00457 000802 -00010 -00300 000903 
-00060 -00416 000812 000014 -00523 001173 
-00066 -00360 000826 000058 -00717 001336 
-00085 -00322 000838 000108 -00729 001201 
-00099 -00256 000836 000155 -00550 000833 
-00120 -00172 000797 000146 -00455 000780 
-00120 -00165 000793 000138 -00451 000786 
-00099 -00257 000901 000131 -00423 000791 
-00067 -00452 001145 000125 -00372 000800 
-00028 -00693 001393 000121 -00384 000810 
000007 -00793 001370 000124 -00348 000814 
000033 -00687 001086 000127 -00289 000816 
000052 -00599 000876 000141 -00289 000805 
000052 -00570 000865 000139 -00247 000770 
000048 -00488 000860 000135 -00261 000800 
000046 -00482 000855 000130 -00402 000993 
000044 -00439 000851 000122 -00623 001254 
000040 -00351 000841 000109 -00793 001379 
000025 -00329 000835 000091 -00805 001222 
000017 -00265 000806 000079 -00645 000838 
-00006 -00186 000754 000047 -00571 000773 
-00002 -00153 000724 000045 -00525 000786 
-00004 -00223 000816 000051 -00486 000796 
-00015 -00411 001054 000052 -00455 000806 
-00042 -00644 001305 000056 -00401 000820 
-00081 -00759 001319 000070 -00354 000835 
-00122 -00670 001048 000089 -00314 000842 
-00132 -00493 000775 000111 -00227 000826 
-00126 -00457 000792 000116 -00173 000783 
-00118 -00451 000793 000106 -00210 000832 
-00113 -00394 000801 000082 -00348 001006 
-00108 -00374 000810 000050 -00574 001280 
-00110 -00367 000817 000017 -00765 001413 
-00112 -00308 000821 -00005 -00746 001243 
-00114 -00273 000819 -00012 -00582 000882 
-00129 -00250 000792 -00029 -00571 000865 
-00127 -00222 000777 -00028 -00502 000865 
-00122 -00301 000891 -00027 -00463 000862 
-00112 -00500 001144 -00027 -00459 000861 
-00099 -00713 001366 -00027 -00379 000857 
-00079 -00812 001353 -00019 -00330 000851 
-00060 -00738 001063 -00006 -00307 000837 
-00038 -00601 000813 000009 -00231 000796 
-00023 -00555 000804 000011 -00168 000740 
-00029 -00504 000814 000012 -00181 000764 
-00033 -00477 000822 000019 -00315 000937 
-00036 -00432 000833 000042 -00539 001209 
-00045 -00367 000847 000080 -00727 001361 
-00065 -00333 000862 000125 -00736 001217 
-00080 -00266 000857 000168 -00553 000841 
-00099 -00176 000809 000159 -00453 000782 
-00098 -00165 000800 000151 -00443 000781 
-00079 -00253 000905 000142 -00413 000782 
-00048 -00444 001143 000136 -00363 000789 
-00012 -00681 001384 000133 -00372 000797 
000016 -00775 001358 000134 -00338 000801 
000033 -00666 001072 000137 -00281 000801 
000047 -00555 000838 000150 -00266 000790 
000048 -00519 000829 000149 -00221 000753 
000049 -00455 000836 000146 -00239 000787 
000049 -00452 000834 000139 -00380 000978 
000050 -00412 000834 000127 -00598 001242 
000048 -00330 000831 000109 -00765 001375 
000036 -00325 000827 000087 -00781 001224 
000030 -00266 000798 000075 -00628 000841 
000008 -00192 000745 000045 -00567 000796 
000012 -00160 000717 000043 -00522 000805 
000007 -00228 000809 000049 -00482 000812 
-00008 -00413 001046 000050 -00453 000819 
-00043 -00640 001295 000055 -00395 000831 
-00090 -00749 001309 000071 -00346 000846 
-00136 -00656 001037 000092 -00305 000853 
-00151 -00474 000759 000115 -00218 000837 
-00145 -00435 000767 000122 -00164 000795 
-00137 -00433 000768 000110 -00204 000845 
-00131 -00378 000774 000083 -00347 001021 
-00126 -00359 000784 000046 -00577 001295 
-00126 -00361 000793 000009 -00769 001425 
-00128 -00301 000796 -00018 -00751 001251 
-00128 -00271 000796 -00028 -00590 000888 
-00143 -00252 000770 -00045 -00583 000869 
-00140 -00223 000755 -00045 -00513 000869 
-00136 -00299 000869 -00043 -00473 000864 
-00129 -00497 001120 -00042 -00470 000862 
-00117 -00712 001346 -00042 -00389 000857 
-00098 -00814 001339 -00032 -00339 000851 
-00080 -00739 001053 -00018 -00318 000840 
-00056 -00595 000806 -00001 -00234 000801 
-00041 -00547 000791 000002 -00174 000748 
-00046 -00500 000798 000002 -00190 000776 
-00049 -00469 000808 000008 -00324 000950 
-00052 -00428 000820 000028 -00548 001221 
-00062 -00373 000836 000065 -00737 001370 
-00082 -00334 000851 000107 -00742 001222 
-00098 -00269 000850 000148 -00558 000849 
-00120 -00189 000811 000137 -00461 000791 
-00119 -00181 000809 000129 -00452 000796 
-00100 -00270 000919 000121 -00423 000800 
-00071 -00461 001162 000115 -00372 000806 
-00037 -00696 001403 000112 -00384 000817 
-00007 -00787 001373 000115 -00348 000821 
000011 -00674 001086 000120 -00287 000822 
000029 -00575 000873 000137 -00277 000809 
000031 -00541 000861 000136 -00233 000772 
000031 -00467 000855 000133 -00251 000807 
000031 -00463 000852 000126 -00394 001001 
000032 -00423 000852 000114 -00614 001263 
000030 -00340 000847 000097 -00781 001390 
000018 -00330 000842 000078 -00794 001233 
000011 -00269 000811 000067 -00638 000847 
-00009 -00197 000760 000038 -00578 000804 
-00004 -00164 000732 000037 -00530 000813 
-00007 -00234 000828 000043 -00491 000820 
-00020 -00423 001068 000045 -00463 000829 
-00051 -00650 001315 000050 -00403 000842 
-00092 -00760 001324 000066 -00354 000856 
-00135 -00669 001047 000087 -00319 000863 
-00147 -00485 000767 000109 -00226 000842 
-00142 -00443 000770 000115 -00167 000794 
-00133 -00438 000769 000103 -00204 000840 
-00126 -00382 000774 000077 -00343 001012 
-00121 -00365 000783 000041 -00572 001285 
-00119 -00365 000792 000007 -00763 001415 
-00122 -00305 000796 -00017 -00743 001241 
-00124 -00272 000796 -00024 -00577 000877 
-00137 -00247 000770 -00039 -00554 000838 
-00135 -00220 000756 -00039 -00488 000840 
-00130 -00297 000869 -00040 -00459 000849 
-00123 -00492 001118 -00040 -00454 000848 
-00110 -00702 001343 -00039 -00377 000846 
-00089 -00799 001337 -00031 -00330 000841 
-00069 -00725 001051 -00017 -00308 000829 
-00046 -00588 000803 -00001 -00233 000790 
-00030 -00543 000792 000000 -00172 000736 
-00037 -00495 000799 000001 -00187 000762 
-00040 -00466 000807 000009 -00319 000934 
-00043 -00425 000820 000032 -00542 001206 
-00055 -00367 000835 000072 -00731 001359 
-00076 -00332 000851 000118 -00737 001214 
-00093 -00267 000850 000161 -00553 000840 
-00116 -00183 000810 000150 -00452 000777 
-00115 -00175 000807 000140 -00443 000779 
-00096 -00266 000916 000132 -00414 000782 
-00066 -00458 001158 000126 -00365 000789 
-00030 -00695 001401 000123 -00376 000800 
-00000 -00788 001372 000126 -00343 000804 
000017 -00679 001084 000129 -00285 000805 
000035 -00580 000871 000146 -00273 000793 
000037 -00546 000860 000145 -00230 000757 
000038 -00471 000854 000141 -00247 000791 
000039 -00467 000851 000135 -00389 000985 
000041 -00427 000850 000124 -00608 001249 
000040 -00342 000845 000108 -00777 001381 
000027 -00334 000840 000088 -00793 001228 
000021 -00273 000808 000078 -00639 000845 
000001 -00199 000754 000049 -00578 000801 
000005 -00164 000725 000047 -00530 000809 
000002 -00233 000817 000053 -00490 000817 
-00010 -00419 001054 000054 -00462 000825 
-00040 -00646 001302 000059 -00402 000837 
-00081 -00755 001313 000076 -00355 000852 
-00123 -00664 001040 000098 -00317 000861 
-00134 -00480 000763 000122 -00226 000844 
-00128 -00439 000768 000128 -00169 000801 
-00119 -00436 000768 000117 -00209 000851 
-00113 -00380 000774 000091 -00352 001028 
-00107 -00362 000785 000056 -00582 001302 
-00108 -00364 000794 000020 -00772 001429 
-00111 -00302 000797 -00006 -00751 001254 
-00113 -00271 000798 -00015 -00586 000890 
-00129 -00252 000773 -00034 -00577 000869 
-00127 -00223 000758 -00034 -00508 000868 
-00123 -00300 000871 -00033 -00469 000862 
-00117 -00497 001121 -00034 -00466 000861 
-00106 -00709 001346 -00034 -00387 000857 
-00088 -00809 001339 -00025 -00338 000852 
-00070 -00735 001052 -00010 -00314 000838 
-00047 -00595 000804 000005 -00237 000801 
-00034 -00547 000791 000008 -00176 000746 
-00038 -00498 000798 000008 -00191 000772 
-00042 -00469 000807 000014 -00324 000946 
-00046 -00427 000820 000035 -00548 001218 
-00057 -00369 000837 000071 -00736 001368 
-00079 -00333 000852 000114 -00741 001221 
-00097 -00268 000852 000154 -00557 000846 
-00120 -00184 000815 000142 -00458 000785 
-00119 -00178 000813 000133 -00450 000787 
-00100 -00269 000923 000125 -00421 000790 
-00072 -00462 001166 000119 -00371 000797 
-00036 -00698 001407 000116 -00382 000809 
-00007 -00789 001377 000118 -00349 000813 
000012 -00677 001088 000122 -00290 000813 
000031 -00580 000874 000140 -00284 000803 
000034 -00545 000861 000140 -00242 000769 
000035 -00468 000854 000137 -00259 000804 
000037 -00465 000848 000131 -00401 000997 
000038 -00422 000845 000120 -00620 001259 
000037 -00338 000837 000104 -00786 001386 
000024 -00325 000835 000083 -00798 001230 
000018 -00264 000803 000072 -00642 000847 
-00002 -00192 000752 000043 -00582 000804 
000001 -00158 000724 000041 -00534 000815 
-00001 -00227 000818 000048 -00494 000824 
-00015 -00415 001057 000050 -00467 000832 
-00046 -00641 001305 000056 -00404 000845 
-00089 -00751 001317 000073 -00355 000861 
-00132 -00661 001043 000097 -00320 000870 
-00143 -00463 000738 000123 -00225 000853 
-00135 -00424 000753 000131 -00167 000806 
-00128 -00420 000748 000118 -00204 000852 
-00122 -00364 000753 000090 -00344 001024 
-00117 -00348 000762 000051 -00572 001295 
-00118 -00342 000767 000014 -00761 001421 
-00118 -00290 000770 -00011 -00743 001245 
-00119 -00258 000770 -00019 -00577 000877 
-00136 -00235 000746 -00036 -00565 000858 
-00133 -00208 000732 -00036 -00496 000854 
-00130 -00283 000843 -00037 -00457 000852 
-00123 -00476 001093 -00039 -00455 000852 
-00111 -00687 001325 -00039 -00376 000851 
-00090 -00789 001326 -00031 -00330 000846 
-00071 -00719 001045 -00017 -00308 000834 
-00049 -00583 000798 -00002 -00232 000791 
-00034 -00539 000786 000000 -00168 000733 
-00040 -00490 000792 000000 -00182 000755 
-00043 -00461 000800 000007 -00313 000926 
-00047 -00419 000813 000029 -00536 001196 
-00057 -00361 000828 000067 -00726 001352 
-00079 -00327 000845 000113 -00734 001210 
-00096 -00262 000844 000155 -00551 000838 
-00117 -00178 000806 000145 -00452 000778 
-00117 -00174 000806 000136 -00445 000781 
-00098 -00266 000916 000127 -00417 000784 
-00068 -00459 001159 000122 -00367 000791 
-00031 -00695 001401 000119 -00376 000804 
000001 -00788 001373 000121 -00344 000810 
000022 -00679 001085 000125 -00290 000813 
000042 -00582 000870 000143 -00282 000803 
000045 -00547 000859 000142 -00240 000769 
000046 -00471 000852 000140 -00257 000805 
000047 -00467 000848 000135 -00399 001001 
000049 -00424 000845 000128 -00620 001265 
000047 -00340 000841 000117 -00788 001391 
000033 -00329 000837 000101 -00801 001234 
000026 -00267 000806 000093 -00645 000850 
000008 -00192 000751 000066 -00585 000809 
000011 -00157 000720 000064 -00537 000818 
000009 -00226 000812 000069 -00497 000826 
-00002 -00414 001049 000070 -00469 000834 
-00030 -00642 001298 000075 -00409 000846 
-00070 -00755 001312 000090 -00361 000860 
